<?xml version="1.0" encoding="UTF-8"?>
<!-- Generated by org.testng.reporters.JUnitXMLReporter -->
<testsuite ignored="1" hostname="WINCTRL-O2I0NJ9" failures="0" tests="2" name="Test1" time="26.059" errors="0" timestamp="2022-12-13T18:50:12 IST">
  <testcase classname="Velocity_TestNG.Grouping" name="launchBrowser" time="18.467"/>
  <testcase classname="Velocity_TestNG.Grouping" name="sendText" time="7.57"/>
  <testcase classname="Velocity_TestNG.Grouping" name="closeBrowser" time="0.0">
    <ignored/>
  </testcase> <!-- closeBrowser -->
</testsuite> <!-- Test1 -->
