<?xml version="1.0" encoding="UTF-8"?>
<testng-results ignored="0" total="2" passed="2" failed="0" skipped="0">
  <reporter-output>
  </reporter-output>
  <suite started-at="2022-12-13T19:27:37 IST" name="Suite" finished-at="2022-12-13T19:28:33 IST" duration-ms="55599">
    <groups>
    </groups>
    <test started-at="2022-12-13T19:27:37 IST" name="Test" finished-at="2022-12-13T19:28:33 IST" duration-ms="55599">
      <class name="Velocity_TestNG.ParallelExecution">
        <test-method signature="test1()[pri:0, instance:Velocity_TestNG.ParallelExecution@2d7275fc]" started-at="2022-12-13T19:27:38 IST" name="test1" finished-at="2022-12-13T19:28:33 IST" duration-ms="55461" status="PASS">
          <reporter-output>
          </reporter-output>
        </test-method> <!-- test1 -->
        <test-method signature="test2()[pri:0, instance:Velocity_TestNG.ParallelExecution@2d7275fc]" started-at="2022-12-13T19:27:38 IST" name="test2" finished-at="2022-12-13T19:28:20 IST" duration-ms="42140" status="PASS">
          <reporter-output>
          </reporter-output>
        </test-method> <!-- test2 -->
      </class> <!-- Velocity_TestNG.ParallelExecution -->
    </test> <!-- Test -->
  </suite> <!-- Suite -->
</testng-results>
