<?xml version="1.0" encoding="UTF-8"?>
<testng-results ignored="0" total="2" passed="1" failed="1" skipped="0">
  <reporter-output>
    <line>
      <![CDATA[Entering url]]>
    </line>
    <line>
      <![CDATA[reading data from excel]]>
    </line>
    <line>
      <![CDATA[Giving wait time]]>
    </line>
    <line>
      <![CDATA[Giving wait time]]>
    </line>
    <line>
      <![CDATA[reading data from excel]]>
    </line>
    <line>
      <![CDATA[Giving wait time]]>
    </line>
    <line>
      <![CDATA[Giving wait time]]>
    </line>
    <line>
      <![CDATA[Giving wait time]]>
    </line>
    <line>
      <![CDATA[reading data from excel]]>
    </line>
    <line>
      <![CDATA[validating username]]>
    </line>
    <line>
      <![CDATA[Giving wait time]]>
    </line>
    <line>
      <![CDATA[taking screenshot]]>
    </line>
    <line>
      <![CDATA[Giving wait time]]>
    </line>
    <line>
      <![CDATA[reading data from excel]]>
    </line>
    <line>
      <![CDATA[Giving wait time]]>
    </line>
    <line>
      <![CDATA[Giving wait time]]>
    </line>
    <line>
      <![CDATA[reading data from excel]]>
    </line>
    <line>
      <![CDATA[Giving wait time]]>
    </line>
    <line>
      <![CDATA[Giving wait time]]>
    </line>
    <line>
      <![CDATA[no Popup]]>
    </line>
    <line>
      <![CDATA[no popup]]>
    </line>
    <line>
      <![CDATA[reading data from excel]]>
    </line>
    <line>
      <![CDATA[validating balance]]>
    </line>
    <line>
      <![CDATA[Giving wait time]]>
    </line>
  </reporter-output>
  <suite started-at="2022-12-05T19:32:58 IST" name="Default suite" finished-at="2022-12-05T19:34:30 IST" duration-ms="91508">
    <groups>
    </groups>
    <test started-at="2022-12-05T19:32:58 IST" name="Default test" finished-at="2022-12-05T19:34:30 IST" duration-ms="91508">
      <class name="NeoStoxTest_New.ValidateLogin">
        <test-method is-config="true" signature="launchBrowser()[pri:0, instance:NeoStoxTest_New.ValidateLogin@74e52303]" started-at="2022-12-05T19:32:58 IST" name="launchBrowser" finished-at="2022-12-05T19:33:13 IST" duration-ms="14638" status="PASS">
          <reporter-output>
            <line>
              <![CDATA[Entering url]]>
            </line>
          </reporter-output>
        </test-method> <!-- launchBrowser -->
        <test-method is-config="true" signature="loginNeostox()[pri:0, instance:NeoStoxTest_New.ValidateLogin@74e52303]" started-at="2022-12-05T19:33:13 IST" name="loginNeostox" finished-at="2022-12-05T19:33:45 IST" duration-ms="32547" status="PASS">
          <reporter-output>
            <line>
              <![CDATA[reading data from excel]]>
            </line>
            <line>
              <![CDATA[Giving wait time]]>
            </line>
            <line>
              <![CDATA[Giving wait time]]>
            </line>
            <line>
              <![CDATA[reading data from excel]]>
            </line>
            <line>
              <![CDATA[Giving wait time]]>
            </line>
            <line>
              <![CDATA[Giving wait time]]>
            </line>
          </reporter-output>
        </test-method> <!-- loginNeostox -->
        <test-method signature="validateUsername()[pri:1, instance:NeoStoxTest_New.ValidateLogin@74e52303]" started-at="2022-12-05T19:33:45 IST" name="validateUsername" finished-at="2022-12-05T19:33:46 IST" duration-ms="352" status="FAIL">
          <exception class="java.lang.AssertionError">
            <message>
              <![CDATA[null]]>
            </message>
            <full-stacktrace>
              <![CDATA[java.lang.AssertionError: null
at org.testng.Assert.fail(Assert.java:99)
at org.testng.Assert.fail(Assert.java:106)
at NeoStoxTest_New.ValidateLogin.validateUsername(ValidateLogin.java:72)
at java.base/jdk.internal.reflect.DirectMethodHandleAccessor.invoke(DirectMethodHandleAccessor.java:104)
at java.base/java.lang.reflect.Method.invoke(Method.java:577)
at org.testng.internal.MethodInvocationHelper.invokeMethod(MethodInvocationHelper.java:133)
at org.testng.internal.TestInvoker.invokeMethod(TestInvoker.java:598)
at org.testng.internal.TestInvoker.invokeTestMethod(TestInvoker.java:173)
at org.testng.internal.MethodRunner.runInSequence(MethodRunner.java:46)
at org.testng.internal.TestInvoker$MethodInvocationAgent.invoke(TestInvoker.java:824)
at org.testng.internal.TestInvoker.invokeTestMethods(TestInvoker.java:146)
at org.testng.internal.TestMethodWorker.invokeTestMethods(TestMethodWorker.java:146)
at org.testng.internal.TestMethodWorker.run(TestMethodWorker.java:128)
at java.base/java.util.ArrayList.forEach(ArrayList.java:1511)
at org.testng.TestRunner.privateRun(TestRunner.java:794)
at org.testng.TestRunner.run(TestRunner.java:596)
at org.testng.SuiteRunner.runTest(SuiteRunner.java:377)
at org.testng.SuiteRunner.runSequentially(SuiteRunner.java:371)
at org.testng.SuiteRunner.privateRun(SuiteRunner.java:332)
at org.testng.SuiteRunner.run(SuiteRunner.java:276)
at org.testng.SuiteRunnerWorker.runSuite(SuiteRunnerWorker.java:53)
at org.testng.SuiteRunnerWorker.run(SuiteRunnerWorker.java:96)
at org.testng.TestNG.runSuitesSequentially(TestNG.java:1212)
at org.testng.TestNG.runSuitesLocally(TestNG.java:1134)
at org.testng.TestNG.runSuites(TestNG.java:1063)
at org.testng.TestNG.run(TestNG.java:1031)
at org.testng.remote.AbstractRemoteTestNG.run(AbstractRemoteTestNG.java:115)
at org.testng.remote.RemoteTestNG.initAndRun(RemoteTestNG.java:251)
at org.testng.remote.RemoteTestNG.main(RemoteTestNG.java:77)
]]>
            </full-stacktrace>
          </exception> <!-- java.lang.AssertionError -->
          <reporter-output>
            <line>
              <![CDATA[Giving wait time]]>
            </line>
            <line>
              <![CDATA[reading data from excel]]>
            </line>
            <line>
              <![CDATA[validating username]]>
            </line>
            <line>
              <![CDATA[Giving wait time]]>
            </line>
            <line>
              <![CDATA[taking screenshot]]>
            </line>
          </reporter-output>
        </test-method> <!-- validateUsername -->
        <test-method is-config="true" signature="loggingOut()[pri:0, instance:NeoStoxTest_New.ValidateLogin@74e52303]" started-at="2022-12-05T19:33:46 IST" name="loggingOut" finished-at="2022-12-05T19:33:50 IST" duration-ms="3569" status="PASS">
          <reporter-output>
            <line>
              <![CDATA[Giving wait time]]>
            </line>
          </reporter-output>
        </test-method> <!-- loggingOut -->
        <test-method is-config="true" signature="loginNeostox()[pri:0, instance:NeoStoxTest_New.ValidateLogin@74e52303]" started-at="2022-12-05T19:33:50 IST" name="loginNeostox" finished-at="2022-12-05T19:34:23 IST" duration-ms="32823" status="PASS">
          <reporter-output>
            <line>
              <![CDATA[reading data from excel]]>
            </line>
            <line>
              <![CDATA[Giving wait time]]>
            </line>
            <line>
              <![CDATA[Giving wait time]]>
            </line>
            <line>
              <![CDATA[reading data from excel]]>
            </line>
            <line>
              <![CDATA[Giving wait time]]>
            </line>
            <line>
              <![CDATA[Giving wait time]]>
            </line>
            <line>
              <![CDATA[no Popup]]>
            </line>
            <line>
              <![CDATA[no popup]]>
            </line>
          </reporter-output>
        </test-method> <!-- loginNeostox -->
        <test-method signature="validateBalance()[pri:2, instance:NeoStoxTest_New.ValidateLogin@74e52303]" started-at="2022-12-05T19:34:23 IST" name="validateBalance" finished-at="2022-12-05T19:34:24 IST" duration-ms="1323" status="PASS">
          <reporter-output>
            <line>
              <![CDATA[reading data from excel]]>
            </line>
            <line>
              <![CDATA[validating balance]]>
            </line>
          </reporter-output>
        </test-method> <!-- validateBalance -->
        <test-method is-config="true" signature="loggingOut()[pri:0, instance:NeoStoxTest_New.ValidateLogin@74e52303]" started-at="2022-12-05T19:34:24 IST" name="loggingOut" finished-at="2022-12-05T19:34:28 IST" duration-ms="3667" status="PASS">
          <reporter-output>
            <line>
              <![CDATA[Giving wait time]]>
            </line>
          </reporter-output>
        </test-method> <!-- loggingOut -->
        <test-method is-config="true" signature="close()[pri:0, instance:NeoStoxTest_New.ValidateLogin@74e52303]" started-at="2022-12-05T19:34:28 IST" name="close" finished-at="2022-12-05T19:34:30 IST" duration-ms="1898" status="PASS">
          <reporter-output>
          </reporter-output>
        </test-method> <!-- close -->
      </class> <!-- NeoStoxTest_New.ValidateLogin -->
    </test> <!-- Default test -->
  </suite> <!-- Default suite -->
</testng-results>
